# JRE version: Java(TM) SE Runtime Environment (8.0_271-b09) (build 1.8.0_271-b09)
# Java VM: Java HotSpot(TM) 64-Bit Server VM (25.271-b09 mixed mode windows-amd64 compressed oops)
Heap:
 PSYoungGen      total 544256K, used 306153K [0x00000000d5580000, 0x00000000ffb00000, 0x0000000100000000)
  eden space 402944K, 73% used [0x00000000d5580000,0x00000000e7518e80,0x00000000edf00000)
  from space 141312K, 8% used [0x00000000f7100000,0x00000000f7c61580,0x00000000ffb00000)
  to   space 145408K, 0% used [0x00000000edf00000,0x00000000edf00000,0x00000000f6d00000)
 ParOldGen       total 533504K, used 275228K [0x0000000080000000, 0x00000000a0900000, 0x00000000d5580000)
  object space 533504K, 51% used [0x0000000080000000,0x0000000090cc7140,0x00000000a0900000)
 Metaspace       used 112370K, capacity 119836K, committed 126848K, reserved 1159168K
  class space    used 14578K, capacity 15961K, committed 18048K, reserved 1048576K
GC Heap History (10 events):
Event: 398.113 GC heap before
{Heap before GC invocations=29 (full 4):
 PSYoungGen      total 557056K, used 518125K [0x00000000d5580000, 0x0000000100000000, 0x0000000100000000)
  eden space 462336K, 100% used [0x00000000d5580000,0x00000000f1900000,0x00000000f1900000)
  from space 94720K, 58% used [0x00000000fa380000,0x00000000fd9fb618,0x0000000100000000)
  to   space 118272K, 0% used [0x00000000f1900000,0x00000000f1900000,0x00000000f8c80000)
 ParOldGen       total 341504K, used 277591K [0x0000000080000000, 0x0000000094d80000, 0x00000000d5580000)
  object space 341504K, 81% used [0x0000000080000000,0x0000000090f15ef0,0x0000000094d80000)
 Metaspace       used 114443K, capacity 125977K, committed 126080K, reserved 1157120K
  class space    used 15751K, capacity 18007K, committed 18048K, reserved 1048576K
Event: 398.163 GC heap after
Heap after GC invocations=29 (full 4):
 PSYoungGen      total 580608K, used 118247K [0x00000000d5580000, 0x0000000100000000, 0x0000000100000000)
  eden space 462336K, 0% used [0x00000000d5580000,0x00000000d5580000,0x00000000f1900000)
  from space 118272K, 99% used [0x00000000f1900000,0x00000000f8c79df8,0x00000000f8c80000)
  to   space 118272K, 0% used [0x00000000f8c80000,0x00000000f8c80000,0x0000000100000000)
 ParOldGen       total 341504K, used 321246K [0x0000000080000000, 0x0000000094d80000, 0x00000000d5580000)
  object space 341504K, 94% used [0x0000000080000000,0x00000000939b7b18,0x0000000094d80000)
 Metaspace       used 114443K, capacity 125977K, committed 126080K, reserved 1157120K
  class space    used 15751K, capacity 18007K, committed 18048K, reserved 1048576K
}
Event: 398.163 GC heap before
{Heap before GC invocations=30 (full 5):
 PSYoungGen      total 580608K, used 118247K [0x00000000d5580000, 0x0000000100000000, 0x0000000100000000)
  eden space 462336K, 0% used [0x00000000d5580000,0x00000000d5580000,0x00000000f1900000)
  from space 118272K, 99% used [0x00000000f1900000,0x00000000f8c79df8,0x00000000f8c80000)
  to   space 118272K, 0% used [0x00000000f8c80000,0x00000000f8c80000,0x0000000100000000)
 ParOldGen       total 341504K, used 321246K [0x0000000080000000, 0x0000000094d80000, 0x00000000d5580000)
  object space 341504K, 94% used [0x0000000080000000,0x00000000939b7b18,0x0000000094d80000)
 Metaspace       used 114443K, capacity 125977K, committed 126080K, reserved 1157120K
  class space    used 15751K, capacity 18007K, committed 18048K, reserved 1048576K
Event: 398.520 GC heap after
Heap after GC invocations=30 (full 5):
 PSYoungGen      total 580608K, used 0K [0x00000000d5580000, 0x0000000100000000, 0x0000000100000000)
  eden space 462336K, 0% used [0x00000000d5580000,0x00000000d5580000,0x00000000f1900000)
  from space 118272K, 0% used [0x00000000f1900000,0x00000000f1900000,0x00000000f8c80000)
  to   space 118272K, 0% used [0x00000000f8c80000,0x00000000f8c80000,0x0000000100000000)
 ParOldGen       total 533504K, used 242372K [0x0000000080000000, 0x00000000a0900000, 0x00000000d5580000)
  object space 533504K, 45% used [0x0000000080000000,0x000000008ecb1368,0x00000000a0900000)
 Metaspace       used 110942K, capacity 117886K, committed 126080K, reserved 1157120K
  class space    used 14467K, capacity 15768K, committed 18048K, reserved 1048576K
}
Event: 580.636 GC heap before
{Heap before GC invocations=31 (full 5):
 PSYoungGen      total 580608K, used 462336K [0x00000000d5580000, 0x0000000100000000, 0x0000000100000000)
  eden space 462336K, 100% used [0x00000000d5580000,0x00000000f1900000,0x00000000f1900000)
  from space 118272K, 0% used [0x00000000f1900000,0x00000000f1900000,0x00000000f8c80000)
  to   space 118272K, 0% used [0x00000000f8c80000,0x00000000f8c80000,0x0000000100000000)
 ParOldGen       total 533504K, used 242372K [0x0000000080000000, 0x00000000a0900000, 0x00000000d5580000)
  object space 533504K, 45% used [0x0000000080000000,0x000000008ecb1368,0x00000000a0900000)
 Metaspace       used 111840K, capacity 119272K, committed 126592K, reserved 1157120K
  class space    used 14552K, capacity 15921K, committed 18048K, reserved 1048576K
Event: 580.649 GC heap after
Heap after GC invocations=31 (full 5):
 PSYoungGen      total 518144K, used 27148K [0x00000000d5580000, 0x0000000100000000, 0x0000000100000000)
  eden space 399872K, 0% used [0x00000000d5580000,0x00000000d5580000,0x00000000edc00000)
  from space 118272K, 22% used [0x00000000f8c80000,0x00000000fa7033e8,0x0000000100000000)
  to   space 149504K, 0% used [0x00000000edc00000,0x00000000edc00000,0x00000000f6e00000)
 ParOldGen       total 533504K, used 242380K [0x0000000080000000, 0x00000000a0900000, 0x00000000d5580000)
  object space 533504K, 45% used [0x0000000080000000,0x000000008ecb3368,0x00000000a0900000)
 Metaspace       used 111840K, capacity 119272K, committed 126592K, reserved 1157120K
  class space    used 14552K, capacity 15921K, committed 18048K, reserved 1048576K
}
Event: 583.033 GC heap before
{Heap before GC invocations=32 (full 5):
 PSYoungGen      total 518144K, used 427020K [0x00000000d5580000, 0x0000000100000000, 0x0000000100000000)
  eden space 399872K, 100% used [0x00000000d5580000,0x00000000edc00000,0x00000000edc00000)
  from space 118272K, 22% used [0x00000000f8c80000,0x00000000fa7033e8,0x0000000100000000)
  to   space 149504K, 0% used [0x00000000edc00000,0x00000000edc00000,0x00000000f6e00000)
 ParOldGen       total 533504K, used 242380K [0x0000000080000000, 0x00000000a0900000, 0x00000000d5580000)
  object space 533504K, 45% used [0x0000000080000000,0x000000008ecb3368,0x00000000a0900000)
 Metaspace       used 112014K, capacity 119448K, committed 126592K, reserved 1157120K
  class space    used 14564K, capacity 15939K, committed 18048K, reserved 1048576K
Event: 583.055 GC heap after
Heap after GC invocations=32 (full 5):
 PSYoungGen      total 549376K, used 72368K [0x00000000d5580000, 0x0000000100000000, 0x0000000100000000)
  eden space 399872K, 0% used [0x00000000d5580000,0x00000000d5580000,0x00000000edc00000)
  from space 149504K, 48% used [0x00000000edc00000,0x00000000f22ac068,0x00000000f6e00000)
  to   space 146432K, 0% used [0x00000000f7100000,0x00000000f7100000,0x0000000100000000)
 ParOldGen       total 533504K, used 254193K [0x0000000080000000, 0x00000000a0900000, 0x00000000d5580000)
  object space 533504K, 47% used [0x0000000080000000,0x000000008f83c458,0x00000000a0900000)
 Metaspace       used 112014K, capacity 119448K, committed 126592K, reserved 1157120K
  class space    used 14564K, capacity 15939K, committed 18048K, reserved 1048576K
}
Event: 584.216 GC heap before
{Heap before GC invocations=33 (full 5):
 PSYoungGen      total 549376K, used 463023K [0x00000000d5580000, 0x0000000100000000, 0x0000000100000000)
  eden space 399872K, 97% used [0x00000000d5580000,0x00000000ed2ffc48,0x00000000edc00000)
  from space 149504K, 48% used [0x00000000edc00000,0x00000000f22ac068,0x00000000f6e00000)
  to   space 146432K, 0% used [0x00000000f7100000,0x00000000f7100000,0x0000000100000000)
 ParOldGen       total 533504K, used 254193K [0x0000000080000000, 0x00000000a0900000, 0x00000000d5580000)
  object space 533504K, 47% used [0x0000000080000000,0x000000008f83c458,0x00000000a0900000)
 Metaspace       used 112024K, capacity 119448K, committed 126592K, reserved 1157120K
  class space    used 14564K, capacity 15939K, committed 18048K, reserved 1048576K
Event: 584.223 GC heap after
Heap after GC invocations=33 (full 5):
 PSYoungGen      total 544256K, used 11653K [0x00000000d5580000, 0x00000000ffb00000, 0x0000000100000000)
  eden space 402944K, 0% used [0x00000000d5580000,0x00000000d5580000,0x00000000edf00000)
  from space 141312K, 8% used [0x00000000f7100000,0x00000000f7c61580,0x00000000ffb00000)
  to   space 145408K, 0% used [0x00000000edf00000,0x00000000edf00000,0x00000000f6d00000)
 ParOldGen       total 533504K, used 275228K [0x0000000080000000, 0x00000000a0900000, 0x00000000d5580000)
  object space 533504K, 51% used [0x0000000080000000,0x0000000090cc7140,0x00000000a0900000)
 Metaspace       used 112024K, capacity 119448K, committed 126592K, reserved 1157120K
  class space    used 14564K, capacity 15939K, committed 18048K, reserved 1048576K
}

